{"/Users/jamythluk/Desktop/Work/project/crypto-exchange-rate/src/util/DateUtil.ts": {"path":"/Users/jamythluk/Desktop/Work/project/crypto-exchange-rate/src/util/DateUtil.ts","statementMap":{"0":{"start":{"line":1,"column":0},"end":{"line":1,"column":58}},"1":{"start":{"line":4,"column":4},"end":{"line":21,"column":null}},"2":{"start":{"line":6,"column":12},"end":{"line":6,"column":25}},"3":{"start":{"line":8,"column":12},"end":{"line":8,"column":25}},"4":{"start":{"line":10,"column":12},"end":{"line":10,"column":25}},"5":{"start":{"line":12,"column":12},"end":{"line":12,"column":25}},"6":{"start":{"line":14,"column":12},"end":{"line":14,"column":25}},"7":{"start":{"line":16,"column":12},"end":{"line":16,"column":25}},"8":{"start":{"line":18,"column":12},"end":{"line":18,"column":25}},"9":{"start":{"line":20,"column":12},"end":{"line":20,"column":75}},"10":{"start":{"line":24,"column":13},"end":{"line":27,"column":3}}},"fnMap":{"0":{"name":"translateDay","decl":{"start":{"line":3,"column":9},"end":{"line":3,"column":21}},"loc":{"start":{"line":3,"column":33},"end":{"line":22,"column":1}}}},"branchMap":{"0":{"loc":{"start":{"line":4,"column":4},"end":{"line":21,"column":null}},"type":"switch","locations":[{"start":{"line":5,"column":8},"end":{"line":6,"column":25}},{"start":{"line":7,"column":8},"end":{"line":8,"column":25}},{"start":{"line":9,"column":8},"end":{"line":10,"column":25}},{"start":{"line":11,"column":8},"end":{"line":12,"column":25}},{"start":{"line":13,"column":8},"end":{"line":14,"column":25}},{"start":{"line":15,"column":8},"end":{"line":16,"column":25}},{"start":{"line":17,"column":8},"end":{"line":18,"column":25}},{"start":{"line":19,"column":8},"end":{"line":20,"column":75}}]}},"s":{"0":1,"1":9,"2":1,"3":1,"4":1,"5":1,"6":1,"7":1,"8":1,"9":2,"10":1},"f":{"0":9},"b":{"0":[1,1,1,1,1,1,1,2]}}
,"/Users/jamythluk/Desktop/Work/project/crypto-exchange-rate/src/util/PriceUtil.ts": {"path":"/Users/jamythluk/Desktop/Work/project/crypto-exchange-rate/src/util/PriceUtil.ts","statementMap":{"0":{"start":{"line":4,"column":4},"end":{"line":6,"column":null}},"1":{"start":{"line":5,"column":8},"end":{"line":5,"column":20}},"2":{"start":{"line":7,"column":4},"end":{"line":9,"column":null}},"3":{"start":{"line":8,"column":8},"end":{"line":8,"column":27}},"4":{"start":{"line":10,"column":4},"end":{"line":12,"column":null}},"5":{"start":{"line":11,"column":8},"end":{"line":11,"column":24}},"6":{"start":{"line":13,"column":4},"end":{"line":13,"column":18}},"7":{"start":{"line":17,"column":4},"end":{"line":19,"column":null}},"8":{"start":{"line":18,"column":8},"end":{"line":18,"column":19}},"9":{"start":{"line":20,"column":19},"end":{"line":20,"column":36}},"10":{"start":{"line":21,"column":4},"end":{"line":23,"column":null}},"11":{"start":{"line":22,"column":8},"end":{"line":22,"column":33}},"12":{"start":{"line":24,"column":21},"end":{"line":24,"column":45}},"13":{"start":{"line":25,"column":29},"end":{"line":25,"column":46}},"14":{"start":{"line":26,"column":24},"end":{"line":26,"column":63}},"15":{"start":{"line":27,"column":27},"end":{"line":27,"column":56}},"16":{"start":{"line":29,"column":4},"end":{"line":35,"column":null}},"17":{"start":{"line":30,"column":23},"end":{"line":30,"column":59}},"18":{"start":{"line":31,"column":8},"end":{"line":31,"column":46}},"19":{"start":{"line":33,"column":23},"end":{"line":33,"column":66}},"20":{"start":{"line":34,"column":8},"end":{"line":34,"column":50}},"21":{"start":{"line":38,"column":13},"end":{"line":41,"column":3}}},"fnMap":{"0":{"name":"compare","decl":{"start":{"line":3,"column":9},"end":{"line":3,"column":16}},"loc":{"start":{"line":3,"column":62},"end":{"line":14,"column":1}}},"1":{"name":"formatWithSuffix","decl":{"start":{"line":16,"column":9},"end":{"line":16,"column":25}},"loc":{"start":{"line":16,"column":46},"end":{"line":36,"column":1}}}},"branchMap":{"0":{"loc":{"start":{"line":4,"column":4},"end":{"line":6,"column":null}},"type":"if","locations":[{"start":{"line":4,"column":4},"end":{"line":6,"column":null}}]},"1":{"loc":{"start":{"line":7,"column":4},"end":{"line":9,"column":null}},"type":"if","locations":[{"start":{"line":7,"column":4},"end":{"line":9,"column":null}}]},"2":{"loc":{"start":{"line":10,"column":4},"end":{"line":12,"column":null}},"type":"if","locations":[{"start":{"line":10,"column":4},"end":{"line":12,"column":null}}]},"3":{"loc":{"start":{"line":17,"column":4},"end":{"line":19,"column":null}},"type":"if","locations":[{"start":{"line":17,"column":4},"end":{"line":19,"column":null}}]},"4":{"loc":{"start":{"line":21,"column":4},"end":{"line":23,"column":null}},"type":"if","locations":[{"start":{"line":21,"column":4},"end":{"line":23,"column":null}}]},"5":{"loc":{"start":{"line":29,"column":4},"end":{"line":35,"column":null}},"type":"if","locations":[{"start":{"line":29,"column":4},"end":{"line":35,"column":null}},{"start":{"line":32,"column":11},"end":{"line":35,"column":null}}]}},"s":{"0":5,"1":1,"2":4,"3":1,"4":3,"5":2,"6":1,"7":12,"8":1,"9":11,"10":11,"11":3,"12":8,"13":8,"14":8,"15":8,"16":8,"17":6,"18":6,"19":2,"20":2,"21":1},"f":{"0":5,"1":12},"b":{"0":[1],"1":[1],"2":[2],"3":[1],"4":[3],"5":[6,2]}}
}
