TN:
SF:src/util/DateUtil.ts
FN:3,translateDay
FNF:1
FNH:1
FNDA:9,translateDay
DA:1,1
DA:4,9
DA:6,1
DA:8,1
DA:10,1
DA:12,1
DA:14,1
DA:16,1
DA:18,1
DA:20,2
DA:24,1
LF:11
LH:11
BRDA:4,0,0,1
BRDA:4,0,1,1
BRDA:4,0,2,1
BRDA:4,0,3,1
BRDA:4,0,4,1
BRDA:4,0,5,1
BRDA:4,0,6,1
BRDA:4,0,7,2
BRF:8
BRH:8
end_of_record
TN:
SF:src/util/PriceUtil.ts
FN:3,compare
FN:16,formatWithSuffix
FNF:2
FNH:2
FNDA:5,compare
FNDA:12,formatWithSuffix
DA:4,5
DA:5,1
DA:7,4
DA:8,1
DA:10,3
DA:11,2
DA:13,1
DA:17,12
DA:18,1
DA:20,11
DA:21,11
DA:22,3
DA:24,8
DA:25,8
DA:26,8
DA:27,8
DA:29,8
DA:30,6
DA:31,6
DA:33,2
DA:34,2
DA:38,1
LF:22
LH:22
BRDA:4,0,0,1
BRDA:7,1,0,1
BRDA:10,2,0,2
BRDA:17,3,0,1
BRDA:21,4,0,3
BRDA:29,5,0,6
BRDA:29,5,1,2
BRF:7
BRH:7
end_of_record
